<?xml version="1.0" encoding="UTF-8"?>
<!-- Generated by org.testng.reporters.JUnitXMLReporter -->
<testsuite ignored="0" hostname="LAPTOP-MI3FUCT4" failures="1" tests="1" name="Test" time="0.034" errors="0" timestamp="2023-06-21T16:34:05 IST">
  <testcase classname="org.Amazon.testcases.Amazon_TestCase01" name="loginToUIPath" time="0.0">
    <failure type="org.testng.TestNGException" message="
Data Provider public java.lang.String[][] org.Amazon.testngbase.Amazon_TestNg_Base.sendData() returned a null value">
      <![CDATA[org.testng.TestNGException: 
Data Provider public java.lang.String[][] org.Amazon.testngbase.Amazon_TestNg_Base.sendData() returned a null value
at java.base/java.util.ArrayList.forEach(ArrayList.java:1511)
... Removed 24 stack frames]]>
    </failure>
  </testcase> <!-- loginToUIPath -->
</testsuite> <!-- Test -->
