<?xml version="1.0" encoding="UTF-8"?>
<testng-results ignored="0" total="1" passed="1" failed="0" skipped="0">
  <reporter-output>
  </reporter-output>
  <suite started-at="2023-06-27T09:30:36 IST" name="Suite" finished-at="2023-06-27T09:31:40 IST" duration-ms="64668">
    <groups>
    </groups>
    <test started-at="2023-06-27T09:30:36 IST" name="Test" finished-at="2023-06-27T09:31:40 IST" duration-ms="64668">
      <class name="org.ZoomCar.testcases.ZoomCar_TestCase01">
        <test-method is-config="true" signature="startReport()[pri:0, instance:org.ZoomCar.testcases.ZoomCar_TestCase01@5656be13]" started-at="2023-06-27T09:30:36 IST" name="startReport" finished-at="2023-06-27T09:30:36 IST" duration-ms="142" status="PASS">
          <reporter-output>
          </reporter-output>
        </test-method> <!-- startReport -->
        <test-method is-config="true" signature="setValues()[pri:0, instance:org.ZoomCar.testcases.ZoomCar_TestCase01@5656be13]" started-at="2023-06-27T09:30:36 IST" name="setValues" finished-at="2023-06-27T09:30:36 IST" duration-ms="0" status="PASS">
          <reporter-output>
          </reporter-output>
        </test-method> <!-- setValues -->
        <test-method is-config="true" signature="report()[pri:0, instance:org.ZoomCar.testcases.ZoomCar_TestCase01@5656be13]" started-at="2023-06-27T09:30:36 IST" name="report" finished-at="2023-06-27T09:30:36 IST" duration-ms="4" status="PASS">
          <reporter-output>
          </reporter-output>
        </test-method> <!-- report -->
        <test-method is-config="true" signature="beforeMethod(java.lang.String)[pri:0, instance:org.ZoomCar.testcases.ZoomCar_TestCase01@5656be13]" started-at="2023-06-27T09:30:36 IST" name="beforeMethod" finished-at="2023-06-27T09:30:50 IST" duration-ms="14718" status="PASS">
          <params>
            <param index="0">
              <value>
                <![CDATA[https://www.zoomcar.com/in/chennai]]>
              </value>
            </param>
          </params>
          <reporter-output>
          </reporter-output>
        </test-method> <!-- beforeMethod -->
        <test-method signature="ZoomCar_HomeWindow()[pri:0, instance:org.ZoomCar.testcases.ZoomCar_TestCase01@5656be13]" started-at="2023-06-27T09:30:50 IST" name="ZoomCar_HomeWindow" finished-at="2023-06-27T09:31:35 IST" duration-ms="44105" status="PASS">
          <reporter-output>
          </reporter-output>
        </test-method> <!-- ZoomCar_HomeWindow -->
        <test-method is-config="true" signature="afterMethod()[pri:0, instance:org.ZoomCar.testcases.ZoomCar_TestCase01@5656be13]" started-at="2023-06-27T09:31:35 IST" name="afterMethod" finished-at="2023-06-27T09:31:40 IST" duration-ms="5810" status="PASS">
          <reporter-output>
          </reporter-output>
        </test-method> <!-- afterMethod -->
        <test-method is-config="true" signature="stopReport()[pri:0, instance:org.ZoomCar.testcases.ZoomCar_TestCase01@5656be13]" started-at="2023-06-27T09:31:40 IST" name="stopReport" finished-at="2023-06-27T09:31:41 IST" duration-ms="444" status="PASS">
          <reporter-output>
          </reporter-output>
        </test-method> <!-- stopReport -->
      </class> <!-- org.ZoomCar.testcases.ZoomCar_TestCase01 -->
    </test> <!-- Test -->
  </suite> <!-- Suite -->
</testng-results>
