<?xml version="1.0" encoding="UTF-8"?>
<testng-results ignored="0" total="1" passed="0" failed="1" skipped="0">
  <reporter-output>
  </reporter-output>
  <suite started-at="2023-06-21T16:34:05 IST" name="Suite" finished-at="2023-06-21T16:34:05 IST" duration-ms="34">
    <groups>
    </groups>
    <test started-at="2023-06-21T16:34:05 IST" name="Test" finished-at="2023-06-21T16:34:05 IST" duration-ms="34">
      <class name="org.Amazon.testcases.Amazon_TestCase01">
        <test-method is-config="true" signature="startReport()[pri:0, instance:org.Amazon.testcases.Amazon_TestCase01@78691363]" started-at="2023-06-21T16:34:05 IST" name="startReport" finished-at="2023-06-21T16:34:05 IST" duration-ms="103" status="PASS">
          <reporter-output>
          </reporter-output>
        </test-method> <!-- startReport -->
        <test-method is-config="true" signature="setValues()[pri:0, instance:org.Amazon.testcases.Amazon_TestCase01@78691363]" started-at="2023-06-21T16:34:05 IST" name="setValues" finished-at="2023-06-21T16:34:05 IST" duration-ms="0" status="PASS">
          <reporter-output>
          </reporter-output>
        </test-method> <!-- setValues -->
        <test-method is-config="true" signature="report()[pri:0, instance:org.Amazon.testcases.Amazon_TestCase01@78691363]" started-at="2023-06-21T16:34:05 IST" name="report" finished-at="2023-06-21T16:34:05 IST" duration-ms="3" status="PASS">
          <reporter-output>
          </reporter-output>
        </test-method> <!-- report -->
        <test-method signature="loginToUIPath(java.lang.String,java.lang.String)[pri:0, instance:org.Amazon.testcases.Amazon_TestCase01@78691363]" started-at="2023-06-21T16:34:05 IST" name="loginToUIPath" data-provider="fetchData" finished-at="2023-06-21T16:34:05 IST" duration-ms="0" status="FAIL">
          <exception class="org.testng.TestNGException">
            <message>
              <![CDATA[
Data Provider public java.lang.String[][] org.Amazon.testngbase.Amazon_TestNg_Base.sendData() returned a null value]]>
            </message>
            <full-stacktrace>
              <![CDATA[org.testng.TestNGException: 
Data Provider public java.lang.String[][] org.Amazon.testngbase.Amazon_TestNg_Base.sendData() returned a null value
at org.testng.internal.MethodInvocationHelper.invokeDataProvider(MethodInvocationHelper.java:148)
at org.testng.internal.Parameters.handleParameters(Parameters.java:798)
at org.testng.internal.Parameters.handleParameters(Parameters.java:740)
at org.testng.internal.ParameterHandler.handleParameters(ParameterHandler.java:59)
at org.testng.internal.ParameterHandler.createParameters(ParameterHandler.java:38)
at org.testng.internal.TestInvoker$MethodInvocationAgent.invoke(TestInvoker.java:791)
at org.testng.internal.TestInvoker.invokeTestMethods(TestInvoker.java:146)
at org.testng.internal.TestMethodWorker.invokeTestMethods(TestMethodWorker.java:146)
at org.testng.internal.TestMethodWorker.run(TestMethodWorker.java:128)
at java.base/java.util.ArrayList.forEach(ArrayList.java:1511)
at org.testng.TestRunner.privateRun(TestRunner.java:794)
at org.testng.TestRunner.run(TestRunner.java:596)
at org.testng.SuiteRunner.runTest(SuiteRunner.java:377)
at org.testng.SuiteRunner.runSequentially(SuiteRunner.java:371)
at org.testng.SuiteRunner.privateRun(SuiteRunner.java:332)
at org.testng.SuiteRunner.run(SuiteRunner.java:276)
at org.testng.SuiteRunnerWorker.runSuite(SuiteRunnerWorker.java:53)
at org.testng.SuiteRunnerWorker.run(SuiteRunnerWorker.java:96)
at org.testng.TestNG.runSuitesSequentially(TestNG.java:1212)
at org.testng.TestNG.runSuitesLocally(TestNG.java:1134)
at org.testng.TestNG.runSuites(TestNG.java:1063)
at org.testng.TestNG.run(TestNG.java:1031)
at org.testng.remote.AbstractRemoteTestNG.run(AbstractRemoteTestNG.java:115)
at org.testng.remote.RemoteTestNG.initAndRun(RemoteTestNG.java:251)
at org.testng.remote.RemoteTestNG.main(RemoteTestNG.java:77)
]]>
            </full-stacktrace>
          </exception> <!-- org.testng.TestNGException -->
          <reporter-output>
          </reporter-output>
        </test-method> <!-- loginToUIPath -->
        <test-method is-config="true" signature="stopReport()[pri:0, instance:org.Amazon.testcases.Amazon_TestCase01@78691363]" started-at="2023-06-21T16:34:05 IST" name="stopReport" finished-at="2023-06-21T16:34:06 IST" duration-ms="204" status="PASS">
          <reporter-output>
          </reporter-output>
        </test-method> <!-- stopReport -->
      </class> <!-- org.Amazon.testcases.Amazon_TestCase01 -->
    </test> <!-- Test -->
  </suite> <!-- Suite -->
</testng-results>
